<?xml version="1.0" encoding="UTF-8"?>
<beans xmlns="http://www.springframework.org/schema/beans"
       xmlns:xsi="http://www.w3.org/2001/XMLSchema-instance"
       xsi:schemaLocation="http://www.springframework.org/schema/beans
         http://www.springframework.org/schema/beans/spring-beans-3.1.xsd">

    <bean id="mybook" class="test.LawBookImpl" scope="prototype">
        <property name="name" value="mybook"></property>
    </bean>
       <bean id="bookfactory" class="org.springframework.beans.factory.config.ObjectFactoryCreatingFactoryBean">
                      <property name="targetBeanName"><idref  bean="mybook"/></property>
                    </bean>

    <bean id="test" class="test.LawLibraryImpl">

    </bean>


    <bean id="libtempl" class="test.LawLibraryImpl" scope="prototype">

    </bean>

     <bean id="libfactory" class="org.springframework.beans.factory.config.ObjectFactoryCreatingFactoryBean">
                      <property name="targetBeanName"><idref  bean="libtempl"/></property>
                    </bean>

</beans>